[2026-01-16 21:17:35] AutoStart task triggered
[2026-01-16 21:17:35] Backend started
[2026-01-16 21:17:35] Frontend started
[2026-01-16 21:41:43] AutoStart task triggered (user=11705, batteryStatus=2, charge=57%)
[2026-01-16 21:41:45] Backend port 8001 already in use; skip starting backend
[2026-01-16 21:41:45] Frontend port 5173 already in use; skip starting frontend
[2026-01-16 21:43:03] AutoStart task triggered (user=11705, batteryStatus=2, charge=59%)
[2026-01-16 21:43:04] Backend port 8001 already in use; skip starting backend
[2026-01-16 21:43:04] Frontend port 5173 already in use; skip starting frontend
[2026-01-16 21:55:33] AutoStart task triggered (user=11705, batteryStatus=2, charge=75%)
[2026-01-16 21:55:35] Backend started (pid=12928)
[2026-01-16 21:55:35] Frontend started (pid=12956)
[2026-01-16 22:59:06] AutoStart task triggered (user=11705, batteryStatus=1, charge=98%)
[2026-01-16 22:59:09] Backend started (pid=13532)
[2026-01-16 22:59:10] Frontend started (pid=13428)
[2026-01-16 23:03:43] AutoStart task triggered (user=11705, batteryStatus=1, charge=95%)
[2026-01-16 23:03:47] Backend started (pid=7880)
[2026-01-16 23:03:47] Frontend started (pid=8292)
[2026-01-16 23:05:34] AutoStart task triggered (user=11705, batteryStatus=1, charge=94%)
[2026-01-16 23:05:38] Backend started (pid=13268)
[2026-01-16 23:05:38] Frontend started (pid=10488)
[2026-01-18 22:01:27] AutoStart task triggered (user=11705, batteryStatus=2, charge=100%)
[2026-01-18 22:01:28] Backend port 8001 already in use; skip starting backend
[2026-01-18 22:01:28] Frontend started (pid=17100)
[2026-01-18 22:11:42] AutoStart task triggered (user=11705, batteryStatus=2, charge=100%)
[2026-01-18 22:11:43] Backend port 8001 already in use; skip starting backend
[2026-01-18 22:11:43] Frontend started (pid=2552)
[2026-01-18 22:15:32] AutoStart task triggered (user=11705, batteryStatus=2, charge=100%)
[2026-01-18 22:15:34] Backend port 8001 already in use; skip starting backend
[2026-01-18 22:15:34] Frontend port 5173 already in use; skip starting frontend
[2026-01-19 00:12:00] AutoStart task triggered (user=11705, batteryStatus=2, charge=100%)
[2026-01-19 00:12:01] Backend started (pid=13896)
[2026-01-19 00:12:02] Frontend started (pid=13968)
[2026-01-20 08:03:36] AutoStart task triggered (user=11705, batteryStatus=2, charge=100%)
[2026-01-20 08:03:38] Backend started (pid=13704)
[2026-01-20 08:03:38] Frontend started (pid=13772)
[2026-01-26 21:42:42] AutoStart task triggered (user=11705, batteryStatus=2, charge=100%)
[2026-01-26 21:42:45] Backend started (pid=12692)
[2026-01-26 21:42:45] Frontend started (pid=13504)
[2026-01-27 21:30:06] AutoStart task triggered (user=11705, batteryStatus=2, charge=100%)
[2026-01-27 21:30:07] Backend started (pid=13548)
[2026-01-27 21:30:08] Frontend started (pid=13724)
[2026-01-30 08:31:55] AutoStart task triggered (user=11705, batteryStatus=2, charge=100%)
[2026-01-30 08:31:57] Backend started (pid=8260)
[2026-01-30 08:31:57] Frontend started (pid=10072)
[2026-01-31 00:00:34] AutoStart task triggered (user=11705, batteryStatus=2, charge=100%)
[2026-01-31 00:00:36] Backend started (pid=11400)
[2026-01-31 00:00:38] Frontend started (pid=12220)
[2026-01-31 12:01:33] AutoStart task triggered (user=11705, batteryStatus=2, charge=100%)
[2026-01-31 12:01:35] Backend started (pid=18300)
[2026-01-31 12:01:35] Frontend started (pid=12776)
[2026-02-09 20:49:55] AutoStart task triggered (user=11705, batteryStatus=2, charge=100%)
[2026-02-09 20:49:56] Backend started (pid=5036)
[2026-02-09 20:49:57] Frontend started (pid=6032)
[2026-02-12 09:08:59] AutoStart task triggered (user=11705, batteryStatus=2, charge=100%)
[2026-02-12 09:09:06] Backend started (pid=8828)
[2026-02-12 09:09:06] Frontend started (pid=8564)
[2026-03-11 18:25:28] AutoStart task triggered (user=11705, batteryStatus=2, charge=100%)
[2026-03-11 18:25:30] Backend started (pid=9824)
[2026-03-11 18:25:30] Frontend started (pid=10048)
[2026-03-13 18:25:40] AutoStart task triggered (user=11705, batteryStatus=2, charge=100%)
[2026-03-13 18:25:41] Backend started (pid=15076)
[2026-03-13 18:25:42] Frontend started (pid=15152)
[2026-03-16 07:47:36] AutoStart task triggered (user=11705, batteryStatus=2, charge=100%)
[2026-03-16 07:47:37] Backend started (pid=5692)
[2026-03-16 07:47:38] Frontend started (pid=4132)
[2026-03-16 07:49:08] AutoStart task triggered (user=11705, batteryStatus=2, charge=100%)
[2026-03-16 07:49:09] Backend started (pid=13624)
[2026-03-16 07:49:09] Frontend started (pid=13420)
[2026-03-17 19:26:50] AutoStart task triggered (user=11705, batteryStatus=2, charge=100%)
[2026-03-17 19:26:53] Backend started (pid=6092)
[2026-03-17 19:26:53] Frontend started (pid=5928)
[2026-03-18 02:25:40] AutoStart task triggered (user=11705, batteryStatus=2, charge=100%)
[2026-03-18 02:25:42] Backend started (pid=5324)
[2026-03-18 02:25:42] Frontend started (pid=14044)
[2026-03-21 00:25:20] AutoStart task triggered (user=11705, batteryStatus=2, charge=100%)
[2026-03-21 00:25:21] Backend started (pid=14080)
[2026-03-21 00:25:21] Frontend started (pid=14148)
[2026-03-23 00:34:32] AutoStart task triggered (user=11705, batteryStatus=2, charge=100%)
[2026-03-23 00:34:34] Backend started (pid=12168)
[2026-03-23 00:34:34] Frontend started (pid=12260)
[2026-03-23 09:20:13] AutoStart task triggered (user=11705, batteryStatus=2, charge=100%)
[2026-03-23 09:20:15] Backend started (pid=5848)
[2026-03-23 09:20:16] Frontend started (pid=15036)
