E:\ĎîÄż\ĎŕËĆkĎß\backend\api_full.py:799: DeprecationWarning:


        on_event is deprecated, use lifespan event handlers instead.

        Read more about it in the
        [FastAPI docs for Lifespan Events](https://fastapi.tiangolo.com/advanced/events/).
        

INFO:     Started server process [5220]
INFO:     Waiting for application startup.
INFO:     Application startup complete.
INFO:     Uvicorn running on http://0.0.0.0:8001 (Press CTRL+C to quit)
2026-02-10 01:20:16,563 INFO similar_kline.api: request.start id=2ebf337640cf method=GET path=/api/features client=2409:8a20:4ea4:b131:20cf:c14b:4c0b:6492
2026-02-10 01:20:16,791 INFO similar_kline.api: request.end id=2ebf337640cf status=200 duration_ms=228
2026-02-10 01:20:17,324 INFO similar_kline.api: request.start id=92d8ce21c938 method=GET path=/api/cache/stats client=127.0.0.1
2026-02-10 01:20:18,046 INFO similar_kline.api: request.start id=619ea5bc8c9f method=OPTIONS path=/api/cache/check client=127.0.0.1
2026-02-10 01:20:18,096 INFO similar_kline.api: request.end id=619ea5bc8c9f status=200 duration_ms=49
2026-02-10 01:20:18,100 INFO similar_kline.api: request.start id=b067cabfdc7c method=POST path=/api/cache/check client=127.0.0.1
2026-02-10 01:20:36,679 INFO similar_kline.api: request.end id=b067cabfdc7c status=200 duration_ms=18577
2026-02-10 01:20:36,681 INFO similar_kline.api: request.end id=92d8ce21c938 status=200 duration_ms=19357
2026-02-10 01:20:36,904 INFO similar_kline.api: request.start id=97e68546ea5b method=POST path=/api/predict client=2409:8a20:4ea4:b131:20cf:c14b:4c0b:6492
2026-02-10 01:21:14,102 INFO similar_kline.api: predict.start id=97e68546ea5b symbol=000001.SH start=20200101 end=20260210 window=30 h_future=5 topk=5 engine=ml model_type=transformer features=0 use_cache=True include_chart=True
2026-02-10 01:21:14,104 INFO pipeline_core: pipeline.start symbol=000001.SH start=20200101 end=20260210 window=30 h_future=5 topk=5 engine=ml model_type=transformer features=0
2026-02-10 01:21:14,106 INFO function: market_data.request symbol=000001.SH type=index start=20200101 end=20260210
2026-02-10 01:21:23,972 INFO function: market_data.fetch_done symbol=000001.SH type=index rows=8581 duration_ms=3767
2026-02-10 01:21:24,339 INFO pipeline_core: pipeline.preprocess rows_in=1481 rows_out=1481 features=29 duration_ms=306
2026-02-10 01:21:24,346 INFO model_cache: »ş´ćÎ´ŐŇµ˝: 000001.SH_transformer_ffd48e9a3c0574a7
2026-02-10 01:23:20,739 INFO model_cache: ÄŁĐÍ»ş´ćŇŃ±Ł´ć: 000001.SH_transformer_ffd48e9a3c0574a7
2026-02-10 01:23:20,759 INFO pipeline_core: pipeline.embedding mode=ml windows=1452 emb_dim=64 duration_ms=116412 use_cache=True
2026-02-10 01:23:20,985 INFO pipeline_core: pipeline.prefilter enabled=True candidates=25 tolerance=0.600 multiplier=5 min_gap=60 dedup_radius=5
2026-02-10 01:23:21,409 INFO pipeline_core: pipeline.similarity initial=7 re_rank_top=30
2026-02-10 01:23:21,533 INFO pipeline_core: pipeline.matches matched=3 strictness=0.750 sim_method=hybrid
2026-02-10 01:23:24,578 INFO pipeline_core: pipeline.data_fetch symbol=000001.SH type=index rows=1481 duration_ms=130471
2026-02-10 01:23:24,582 INFO pipeline_core: pipeline.data_range symbol=000001.SH first=2020-01-02 last=2026-02-09
2026-02-10 01:23:24,582 INFO pipeline_core: pipeline.evaluation count=255 mae=0.009604979029376275 rmse=0.012624310148943128 dir_acc=0.5764705882352941
2026-02-10 01:23:24,584 INFO pipeline_core: pipeline.done symbol=000001.SH duration_ms=130479 history=120 predictions=5 similar=3
2026-02-10 01:23:24,587 INFO similar_kline.api: predict.pipeline_done id=97e68546ea5b duration_ms=130483 hist=120 preds=5 similar=3
2026-02-10 01:23:27,776 INFO similar_kline.api: predict.chart_done id=97e68546ea5b duration_ms=3188
2026-02-10 01:23:27,777 INFO similar_kline.api: predict.evaluation id=97e68546ea5b count=255 mae=0.009604979029376275 rmse=0.012624310148943128 dir_acc=0.5764705882352941
2026-02-10 01:23:27,777 INFO similar_kline.api: predict.success id=97e68546ea5b total_ms=133673
2026-02-10 01:23:27,796 INFO similar_kline.api: request.end id=97e68546ea5b status=200 duration_ms=170891
2026-02-10 01:25:20,412 INFO similar_kline.api: request.start id=affebdaf5f4e method=POST path=/api/cache/check client=127.0.0.1
2026-02-10 01:25:20,606 INFO similar_kline.api: request.end id=affebdaf5f4e status=200 duration_ms=194
2026-02-10 01:25:20,908 INFO similar_kline.api: request.start id=f6c9564b4dd0 method=POST path=/api/predict client=2409:8a20:4ea4:b131:20cf:c14b:4c0b:6492
2026-02-10 01:25:20,911 INFO similar_kline.api: predict.start id=f6c9564b4dd0 symbol=000001.SH start=20200101 end=20260210 window=30 h_future=5 topk=5 engine=ml model_type=transformer features=0 use_cache=True include_chart=True
2026-02-10 01:25:20,912 INFO pipeline_core: pipeline.start symbol=000001.SH start=20200101 end=20260210 window=30 h_future=5 topk=5 engine=ml model_type=transformer features=0
2026-02-10 01:25:21,160 INFO function: market_data.request symbol=000001.SH type=index start=20200101 end=20260210
2026-02-10 01:25:21,168 INFO function: market_data.cache_hit symbol=000001.SH type=index rows=8581
2026-02-10 01:25:21,518 INFO pipeline_core: pipeline.preprocess rows_in=1481 rows_out=1481 features=29 duration_ms=322
2026-02-10 01:25:21,756 INFO model_cache: »ş´ćĂüÖĐ: 000001.SH_transformer_ffd48e9a3c0574a7
2026-02-10 01:25:21,854 INFO pipeline_core: pipeline.embedding mode=ml windows=1452 emb_dim=64 duration_ms=330 use_cache=True
2026-02-10 01:25:21,969 INFO pipeline_core: pipeline.prefilter enabled=True candidates=25 tolerance=0.600 multiplier=5 min_gap=60 dedup_radius=5
2026-02-10 01:25:21,971 INFO pipeline_core: pipeline.similarity initial=7 re_rank_top=30
2026-02-10 01:25:21,983 INFO pipeline_core: pipeline.matches matched=3 strictness=0.750 sim_method=hybrid
2026-02-10 01:25:23,002 INFO pipeline_core: pipeline.data_fetch symbol=000001.SH type=index rows=1481 duration_ms=1842
2026-02-10 01:25:23,004 INFO pipeline_core: pipeline.data_range symbol=000001.SH first=2020-01-02 last=2026-02-09
2026-02-10 01:25:23,005 INFO pipeline_core: pipeline.evaluation count=255 mae=0.009604979029376275 rmse=0.012624310148943128 dir_acc=0.5764705882352941
2026-02-10 01:25:23,006 INFO pipeline_core: pipeline.done symbol=000001.SH duration_ms=2093 history=120 predictions=5 similar=3
2026-02-10 01:25:23,008 INFO similar_kline.api: predict.pipeline_done id=f6c9564b4dd0 duration_ms=2095 hist=120 preds=5 similar=3
2026-02-10 01:25:23,111 INFO similar_kline.api: predict.chart_done id=f6c9564b4dd0 duration_ms=103
2026-02-10 01:25:23,112 INFO similar_kline.api: predict.evaluation id=f6c9564b4dd0 count=255 mae=0.009604979029376275 rmse=0.012624310148943128 dir_acc=0.5764705882352941
2026-02-10 01:25:23,112 INFO similar_kline.api: predict.success id=f6c9564b4dd0 total_ms=2200
2026-02-10 01:25:23,123 INFO similar_kline.api: request.end id=f6c9564b4dd0 status=200 duration_ms=2215
2026-02-10 01:25:23,398 INFO similar_kline.api: request.start id=625ae20a3dbe method=GET path=/api/cache/stats client=127.0.0.1
2026-02-10 01:25:23,426 INFO similar_kline.api: request.end id=625ae20a3dbe status=200 duration_ms=28
2026-02-10 01:25:36,099 INFO similar_kline.api: request.start id=5fe108a15d53 method=GET path=/api/features client=2409:8a20:4ea4:b131:20cf:c14b:4c0b:6492
2026-02-10 01:25:36,114 INFO similar_kline.api: request.end id=5fe108a15d53 status=200 duration_ms=13
2026-02-10 01:25:36,349 INFO similar_kline.api: request.start id=29382c333e91 method=GET path=/api/cache/stats client=127.0.0.1
2026-02-10 01:25:36,351 INFO similar_kline.api: request.end id=29382c333e91 status=200 duration_ms=1
2026-02-10 01:25:41,715 INFO similar_kline.api: request.start id=652faa8c16af method=POST path=/api/cache/check client=127.0.0.1
2026-02-10 01:25:41,731 INFO similar_kline.api: request.end id=652faa8c16af status=200 duration_ms=17
2026-02-10 01:25:41,957 INFO similar_kline.api: request.start id=967081ed8d88 method=POST path=/api/predict client=2409:8a20:4ea4:b131:20cf:c14b:4c0b:6492
2026-02-10 01:25:41,960 INFO similar_kline.api: predict.start id=967081ed8d88 symbol=000001.SH start=20200101 end=20260210 window=30 h_future=5 topk=5 engine=ml model_type=transformer features=0 use_cache=True include_chart=True
2026-02-10 01:25:41,961 INFO pipeline_core: pipeline.start symbol=000001.SH start=20200101 end=20260210 window=30 h_future=5 topk=5 engine=ml model_type=transformer features=0
2026-02-10 01:25:41,964 INFO function: market_data.request symbol=000001.SH type=index start=20200101 end=20260210
2026-02-10 01:25:41,986 INFO function: market_data.cache_hit symbol=000001.SH type=index rows=8581
2026-02-10 01:25:42,258 INFO pipeline_core: pipeline.preprocess rows_in=1481 rows_out=1481 features=29 duration_ms=243
2026-02-10 01:25:42,594 INFO model_cache: »ş´ćĂüÖĐ: 000001.SH_transformer_ffd48e9a3c0574a7
2026-02-10 01:25:42,626 INFO pipeline_core: pipeline.embedding mode=ml windows=1452 emb_dim=64 duration_ms=361 use_cache=True
2026-02-10 01:25:42,715 INFO pipeline_core: pipeline.prefilter enabled=True candidates=25 tolerance=0.600 multiplier=5 min_gap=60 dedup_radius=5
2026-02-10 01:25:42,718 INFO pipeline_core: pipeline.similarity initial=7 re_rank_top=30
2026-02-10 01:25:42,729 INFO pipeline_core: pipeline.matches matched=3 strictness=0.750 sim_method=hybrid
2026-02-10 01:25:43,504 INFO pipeline_core: pipeline.data_fetch symbol=000001.SH type=index rows=1481 duration_ms=1539
2026-02-10 01:25:43,507 INFO pipeline_core: pipeline.data_range symbol=000001.SH first=2020-01-02 last=2026-02-09
2026-02-10 01:25:43,507 INFO pipeline_core: pipeline.evaluation count=255 mae=0.009604979029376275 rmse=0.012624310148943128 dir_acc=0.5764705882352941
2026-02-10 01:25:43,508 INFO pipeline_core: pipeline.done symbol=000001.SH duration_ms=1547 history=120 predictions=5 similar=3
2026-02-10 01:25:43,510 INFO similar_kline.api: predict.pipeline_done id=967081ed8d88 duration_ms=1549 hist=120 preds=5 similar=3
2026-02-10 01:25:43,805 INFO similar_kline.api: predict.chart_done id=967081ed8d88 duration_ms=294
2026-02-10 01:25:43,806 INFO similar_kline.api: predict.evaluation id=967081ed8d88 count=255 mae=0.009604979029376275 rmse=0.012624310148943128 dir_acc=0.5764705882352941
2026-02-10 01:25:43,807 INFO similar_kline.api: predict.success id=967081ed8d88 total_ms=1845
2026-02-10 01:25:43,826 INFO similar_kline.api: request.end id=967081ed8d88 status=200 duration_ms=1869
2026-02-10 01:25:44,502 INFO similar_kline.api: request.start id=2b559dbe5f95 method=GET path=/api/cache/stats client=127.0.0.1
2026-02-10 01:25:44,506 INFO similar_kline.api: request.end id=2b559dbe5f95 status=200 duration_ms=2
2026-02-10 01:27:15,450 INFO similar_kline.api: request.start id=3e24fb221a79 method=OPTIONS path=/api/cache/clear client=127.0.0.1
2026-02-10 01:27:15,453 INFO similar_kline.api: request.end id=3e24fb221a79 status=200 duration_ms=2
2026-02-10 01:27:15,456 INFO similar_kline.api: request.start id=1f655a5c19ad method=DELETE path=/api/cache/clear client=127.0.0.1
2026-02-10 01:27:15,458 INFO model_cache: ŇŃÉľłý»ş´ć: 000001.SH_transformer_e6c7cca03a371535
2026-02-10 01:27:15,461 INFO model_cache: ŇŃÉľłý»ş´ć: 000001.SH_transformer_ffd48e9a3c0574a7
2026-02-10 01:27:15,461 INFO model_cache: ŇŃÇĺżŐ 2 ¸ö»ş´ćÎÄĽţ
2026-02-10 01:27:15,462 INFO similar_kline.api: request.end id=1f655a5c19ad status=200 duration_ms=5
2026-02-10 01:27:15,472 INFO similar_kline.api: request.start id=61000542e5f9 method=GET path=/api/cache/stats client=127.0.0.1
2026-02-10 01:27:15,473 INFO similar_kline.api: request.end id=61000542e5f9 status=200 duration_ms=1
2026-02-10 01:27:15,485 INFO similar_kline.api: request.start id=8bad90e41ec1 method=GET path=/api/cache/list client=127.0.0.1
2026-02-10 01:27:15,598 INFO similar_kline.api: request.end id=8bad90e41ec1 status=200 duration_ms=113
2026-02-10 01:27:15,604 INFO similar_kline.api: request.start id=20f39136aeb6 method=GET path=/api/cache/list client=127.0.0.1
2026-02-10 01:27:15,605 INFO similar_kline.api: request.end id=20f39136aeb6 status=200 duration_ms=2
2026-02-10 01:27:18,779 INFO similar_kline.api: request.start id=ca90f98cefa5 method=POST path=/api/cache/check client=127.0.0.1
2026-02-10 01:27:18,783 INFO similar_kline.api: request.end id=ca90f98cefa5 status=200 duration_ms=3
2026-02-10 01:27:19,097 INFO similar_kline.api: request.start id=f658b4106c3b method=POST path=/api/predict client=2409:8a20:4ea4:b131:20cf:c14b:4c0b:6492
2026-02-10 01:27:19,098 INFO similar_kline.api: predict.start id=f658b4106c3b symbol=000001.SH start=20200101 end=20260210 window=30 h_future=5 topk=5 engine=ml model_type=transformer features=0 use_cache=True include_chart=True
2026-02-10 01:27:19,099 INFO pipeline_core: pipeline.start symbol=000001.SH start=20200101 end=20260210 window=30 h_future=5 topk=5 engine=ml model_type=transformer features=0
2026-02-10 01:27:19,102 INFO function: market_data.request symbol=000001.SH type=index start=20200101 end=20260210
2026-02-10 01:27:19,829 INFO function: market_data.fetch_done symbol=000001.SH type=index rows=8581 duration_ms=726
2026-02-10 01:27:20,222 INFO pipeline_core: pipeline.preprocess rows_in=1481 rows_out=1481 features=29 duration_ms=344
2026-02-10 01:27:20,230 INFO model_cache: »ş´ćÎ´ŐŇµ˝: 000001.SH_transformer_ffd48e9a3c0574a7
2026-02-10 01:29:07,381 INFO model_cache: ÄŁĐÍ»ş´ćŇŃ±Ł´ć: 000001.SH_transformer_ffd48e9a3c0574a7
2026-02-10 01:29:07,390 INFO pipeline_core: pipeline.embedding mode=ml windows=1452 emb_dim=64 duration_ms=107159 use_cache=True
2026-02-10 01:29:07,502 INFO pipeline_core: pipeline.prefilter enabled=True candidates=25 tolerance=0.600 multiplier=5 min_gap=60 dedup_radius=5
2026-02-10 01:29:07,506 INFO pipeline_core: pipeline.similarity initial=7 re_rank_top=30
2026-02-10 01:29:07,519 INFO pipeline_core: pipeline.matches matched=3 strictness=0.750 sim_method=hybrid
2026-02-10 01:29:10,907 INFO pipeline_core: pipeline.data_fetch symbol=000001.SH type=index rows=1481 duration_ms=111804
2026-02-10 01:29:10,911 INFO pipeline_core: pipeline.data_range symbol=000001.SH first=2020-01-02 last=2026-02-09
2026-02-10 01:29:10,913 INFO pipeline_core: pipeline.evaluation count=255 mae=0.009604979029376275 rmse=0.012624310148943128 dir_acc=0.5764705882352941
2026-02-10 01:29:10,913 INFO pipeline_core: pipeline.done symbol=000001.SH duration_ms=111814 history=120 predictions=5 similar=3
2026-02-10 01:29:10,917 INFO similar_kline.api: predict.pipeline_done id=f658b4106c3b duration_ms=111818 hist=120 preds=5 similar=3
2026-02-10 01:29:11,101 INFO similar_kline.api: predict.chart_done id=f658b4106c3b duration_ms=182
2026-02-10 01:29:11,113 INFO similar_kline.api: predict.evaluation id=f658b4106c3b count=255 mae=0.009604979029376275 rmse=0.012624310148943128 dir_acc=0.5764705882352941
2026-02-10 01:29:11,115 INFO similar_kline.api: predict.success id=f658b4106c3b total_ms=112015
2026-02-10 01:29:11,127 INFO similar_kline.api: request.end id=f658b4106c3b status=200 duration_ms=112031
2026-02-10 01:29:11,948 INFO similar_kline.api: request.start id=d8dc70946457 method=GET path=/api/cache/stats client=127.0.0.1
2026-02-10 01:29:11,949 INFO similar_kline.api: request.end id=d8dc70946457 status=200 duration_ms=1
2026-02-10 01:45:33,691 INFO similar_kline.api: request.start id=704f17502dc4 method=GET path=/api/features client=2409:8a20:4ea4:b131:20cf:c14b:4c0b:6492
2026-02-10 01:45:33,706 INFO similar_kline.api: request.end id=704f17502dc4 status=200 duration_ms=16
2026-02-10 01:45:34,246 INFO similar_kline.api: request.start id=617fd4ecfebf method=GET path=/api/cache/stats client=127.0.0.1
2026-02-10 01:45:34,252 INFO similar_kline.api: request.end id=617fd4ecfebf status=200 duration_ms=6
2026-02-10 01:47:05,419 INFO similar_kline.api: request.start id=b72a22294560 method=GET path=/api/features client=2409:8a20:4ea4:b131:20cf:c14b:4c0b:6492
2026-02-10 01:47:05,423 INFO similar_kline.api: request.end id=b72a22294560 status=200 duration_ms=3
2026-02-10 01:47:05,948 INFO similar_kline.api: request.start id=18664c999b47 method=GET path=/api/cache/stats client=127.0.0.1
2026-02-10 01:47:05,953 INFO similar_kline.api: request.end id=18664c999b47 status=200 duration_ms=5
2026-02-10 08:05:45,679 INFO similar_kline.api: request.start id=011dfb752963 method=GET path=/api/features client=112.20.106.127
2026-02-10 08:05:45,737 INFO similar_kline.api: request.end id=011dfb752963 status=200 duration_ms=61
2026-02-10 08:05:46,302 INFO similar_kline.api: request.start id=df95927c656b method=GET path=/api/cache/stats client=127.0.0.1
2026-02-10 08:05:46,366 INFO similar_kline.api: request.end id=df95927c656b status=200 duration_ms=64
2026-02-10 08:05:49,532 INFO similar_kline.api: request.start id=b2702cf36c14 method=OPTIONS path=/api/cache/check client=127.0.0.1
2026-02-10 08:05:49,537 INFO similar_kline.api: request.end id=b2702cf36c14 status=200 duration_ms=7
2026-02-10 08:05:49,551 INFO similar_kline.api: request.start id=30be15681965 method=POST path=/api/cache/check client=127.0.0.1
2026-02-10 08:05:49,607 INFO similar_kline.api: request.end id=30be15681965 status=200 duration_ms=56
2026-02-10 08:05:50,508 INFO similar_kline.api: request.start id=73c7fa016e9c method=POST path=/api/predict client=112.20.106.127
2026-02-10 08:05:50,520 INFO similar_kline.api: predict.start id=73c7fa016e9c symbol=000001.SH start=20200101 end=20260210 window=30 h_future=5 topk=5 engine=ml model_type=transformer features=0 use_cache=True include_chart=True
2026-02-10 08:05:50,528 INFO pipeline_core: pipeline.start symbol=000001.SH start=20200101 end=20260210 window=30 h_future=5 topk=5 engine=ml model_type=transformer features=0
2026-02-10 08:05:50,599 INFO function: market_data.request symbol=000001.SH type=index start=20200101 end=20260210
2026-02-10 08:05:50,775 INFO function: market_data.cache_hit symbol=000001.SH type=index rows=8581
2026-02-10 08:05:51,516 INFO pipeline_core: pipeline.preprocess rows_in=1481 rows_out=1481 features=29 duration_ms=704
2026-02-10 08:05:51,747 INFO model_cache: »ş´ćĂüÖĐ: 000001.SH_transformer_ffd48e9a3c0574a7
2026-02-10 08:05:51,856 INFO pipeline_core: pipeline.embedding mode=ml windows=1452 emb_dim=64 duration_ms=313 use_cache=True
2026-02-10 08:05:51,946 INFO pipeline_core: pipeline.prefilter enabled=True candidates=25 tolerance=0.600 multiplier=5 min_gap=60 dedup_radius=5
2026-02-10 08:05:51,958 INFO pipeline_core: pipeline.similarity initial=7 re_rank_top=30
2026-02-10 08:05:51,973 INFO pipeline_core: pipeline.matches matched=3 strictness=0.750 sim_method=hybrid
2026-02-10 08:05:52,781 INFO pipeline_core: pipeline.data_fetch symbol=000001.SH type=index rows=1481 duration_ms=2186
2026-02-10 08:05:52,786 INFO pipeline_core: pipeline.data_range symbol=000001.SH first=2020-01-02 last=2026-02-09
2026-02-10 08:05:52,786 INFO pipeline_core: pipeline.evaluation count=255 mae=0.009604979029376275 rmse=0.012624310148943128 dir_acc=0.5764705882352941
2026-02-10 08:05:52,788 INFO pipeline_core: pipeline.done symbol=000001.SH duration_ms=2263 history=120 predictions=5 similar=3
2026-02-10 08:05:52,791 INFO similar_kline.api: predict.pipeline_done id=73c7fa016e9c duration_ms=2266 hist=120 preds=5 similar=3
2026-02-10 08:05:54,262 INFO similar_kline.api: predict.chart_done id=73c7fa016e9c duration_ms=1470
2026-02-10 08:05:54,263 INFO similar_kline.api: predict.evaluation id=73c7fa016e9c count=255 mae=0.009604979029376275 rmse=0.012624310148943128 dir_acc=0.5764705882352941
2026-02-10 08:05:54,264 INFO similar_kline.api: predict.success id=73c7fa016e9c total_ms=3740
2026-02-10 08:05:54,285 INFO similar_kline.api: request.end id=73c7fa016e9c status=200 duration_ms=3778
2026-02-10 08:05:54,581 INFO similar_kline.api: request.start id=59d3be776f66 method=GET path=/api/cache/stats client=127.0.0.1
2026-02-10 08:05:54,585 INFO similar_kline.api: request.end id=59d3be776f66 status=200 duration_ms=4
2026-02-10 08:06:33,281 INFO similar_kline.api: request.start id=a153890693f1 method=OPTIONS path=/api/cache/clear client=127.0.0.1
2026-02-10 08:06:33,287 INFO similar_kline.api: request.end id=a153890693f1 status=200 duration_ms=6
2026-02-10 08:06:33,301 INFO similar_kline.api: request.start id=ef0850eb3db6 method=DELETE path=/api/cache/clear client=127.0.0.1
2026-02-10 08:06:33,303 INFO model_cache: ŇŃÉľłý»ş´ć: 000001.SH_transformer_ffd48e9a3c0574a7
2026-02-10 08:06:33,304 INFO model_cache: ŇŃÇĺżŐ 1 ¸ö»ş´ćÎÄĽţ
2026-02-10 08:06:33,310 INFO similar_kline.api: request.end id=ef0850eb3db6 status=200 duration_ms=9
2026-02-10 08:06:33,316 INFO similar_kline.api: request.start id=a3aab2160e0b method=GET path=/api/cache/stats client=127.0.0.1
2026-02-10 08:06:33,318 INFO similar_kline.api: request.end id=a3aab2160e0b status=200 duration_ms=2
2026-02-10 08:06:33,326 INFO similar_kline.api: request.start id=49157fc6934b method=GET path=/api/cache/list client=127.0.0.1
2026-02-10 08:06:33,345 INFO similar_kline.api: request.end id=49157fc6934b status=200 duration_ms=19
2026-02-10 08:06:33,351 INFO similar_kline.api: request.start id=b2d6d78627e3 method=GET path=/api/cache/list client=127.0.0.1
2026-02-10 08:06:33,353 INFO similar_kline.api: request.end id=b2d6d78627e3 status=200 duration_ms=1
2026-02-10 08:06:34,335 INFO similar_kline.api: request.start id=551aed902393 method=POST path=/api/cache/check client=127.0.0.1
2026-02-10 08:06:34,337 INFO similar_kline.api: request.end id=551aed902393 status=200 duration_ms=2
2026-02-10 08:06:34,797 INFO similar_kline.api: request.start id=86d92e810a8a method=POST path=/api/predict client=112.20.106.127
2026-02-10 08:06:34,798 INFO similar_kline.api: predict.start id=86d92e810a8a symbol=000001.SH start=20200101 end=20260210 window=30 h_future=5 topk=5 engine=ml model_type=transformer features=0 use_cache=True include_chart=True
2026-02-10 08:06:34,799 INFO pipeline_core: pipeline.start symbol=000001.SH start=20200101 end=20260210 window=30 h_future=5 topk=5 engine=ml model_type=transformer features=0
2026-02-10 08:06:34,802 INFO function: market_data.request symbol=000001.SH type=index start=20200101 end=20260210
2026-02-10 08:06:35,723 INFO function: market_data.fetch_done symbol=000001.SH type=index rows=8581 duration_ms=920
2026-02-10 08:06:36,034 INFO pipeline_core: pipeline.preprocess rows_in=1481 rows_out=1481 features=29 duration_ms=288
2026-02-10 08:06:36,039 INFO model_cache: »ş´ćÎ´ŐŇµ˝: 000001.SH_transformer_ffd48e9a3c0574a7
2026-02-10 08:08:57,519 INFO model_cache: ÄŁĐÍ»ş´ćŇŃ±Ł´ć: 000001.SH_transformer_ffd48e9a3c0574a7
2026-02-10 08:08:57,541 INFO pipeline_core: pipeline.embedding mode=ml windows=1452 emb_dim=64 duration_ms=141501 use_cache=True
2026-02-10 08:08:57,605 INFO pipeline_core: pipeline.prefilter enabled=True candidates=25 tolerance=0.600 multiplier=5 min_gap=60 dedup_radius=5
2026-02-10 08:08:57,637 INFO pipeline_core: pipeline.similarity initial=7 re_rank_top=30
2026-02-10 08:08:57,651 INFO pipeline_core: pipeline.matches matched=3 strictness=0.750 sim_method=hybrid
2026-02-10 08:08:58,396 INFO pipeline_core: pipeline.data_fetch symbol=000001.SH type=index rows=1481 duration_ms=143593
2026-02-10 08:08:58,401 INFO pipeline_core: pipeline.data_range symbol=000001.SH first=2020-01-02 last=2026-02-09
2026-02-10 08:08:58,403 INFO pipeline_core: pipeline.evaluation count=255 mae=0.009604979029376275 rmse=0.012624310148943128 dir_acc=0.5764705882352941
2026-02-10 08:08:58,404 INFO pipeline_core: pipeline.done symbol=000001.SH duration_ms=143604 history=120 predictions=5 similar=3
2026-02-10 08:08:58,410 INFO similar_kline.api: predict.pipeline_done id=86d92e810a8a duration_ms=143611 hist=120 preds=5 similar=3
2026-02-10 08:08:58,624 INFO similar_kline.api: predict.chart_done id=86d92e810a8a duration_ms=212
2026-02-10 08:08:58,625 INFO similar_kline.api: predict.evaluation id=86d92e810a8a count=255 mae=0.009604979029376275 rmse=0.012624310148943128 dir_acc=0.5764705882352941
2026-02-10 08:08:58,626 INFO similar_kline.api: predict.success id=86d92e810a8a total_ms=143826
2026-02-10 08:08:58,653 INFO similar_kline.api: request.end id=86d92e810a8a status=200 duration_ms=143856
2026-02-10 08:15:58,259 INFO similar_kline.api: request.start id=9a0e3f5671f8 method=GET path=/api/features client=223.104.153.91
2026-02-10 08:15:58,277 INFO similar_kline.api: request.end id=9a0e3f5671f8 status=200 duration_ms=19
2026-02-10 08:16:00,964 INFO similar_kline.api: request.start id=4a770ee81d6f method=POST path=/api/predict client=223.104.153.91
2026-02-10 08:16:00,976 INFO similar_kline.api: predict.start id=4a770ee81d6f symbol=000001.SH start=20200101 end=20260210 window=30 h_future=5 topk=5 engine=ml model_type=transformer features=0 use_cache=True include_chart=True
2026-02-10 08:16:00,977 INFO pipeline_core: pipeline.start symbol=000001.SH start=20200101 end=20260210 window=30 h_future=5 topk=5 engine=ml model_type=transformer features=0
2026-02-10 08:16:00,999 INFO function: market_data.request symbol=000001.SH type=index start=20200101 end=20260210
2026-02-10 08:16:01,036 INFO function: market_data.cache_hit symbol=000001.SH type=index rows=8581
2026-02-10 08:16:01,449 INFO pipeline_core: pipeline.preprocess rows_in=1481 rows_out=1481 features=29 duration_ms=379
2026-02-10 08:16:01,486 INFO model_cache: »ş´ćĂüÖĐ: 000001.SH_transformer_ffd48e9a3c0574a7
2026-02-10 08:16:01,519 INFO pipeline_core: pipeline.embedding mode=ml windows=1452 emb_dim=64 duration_ms=59 use_cache=True
2026-02-10 08:16:01,607 INFO pipeline_core: pipeline.prefilter enabled=True candidates=25 tolerance=0.600 multiplier=5 min_gap=60 dedup_radius=5
2026-02-10 08:16:01,609 INFO pipeline_core: pipeline.similarity initial=7 re_rank_top=30
2026-02-10 08:16:01,618 INFO pipeline_core: pipeline.matches matched=3 strictness=0.750 sim_method=hybrid
2026-02-10 08:16:02,315 INFO pipeline_core: pipeline.data_fetch symbol=000001.SH type=index rows=1481 duration_ms=1317
2026-02-10 08:16:02,320 INFO pipeline_core: pipeline.data_range symbol=000001.SH first=2020-01-02 last=2026-02-09
2026-02-10 08:16:02,320 INFO pipeline_core: pipeline.evaluation count=255 mae=0.009604979029376275 rmse=0.012624310148943128 dir_acc=0.5764705882352941
2026-02-10 08:16:02,321 INFO pipeline_core: pipeline.done symbol=000001.SH duration_ms=1343 history=120 predictions=5 similar=3
2026-02-10 08:16:02,322 INFO similar_kline.api: predict.pipeline_done id=4a770ee81d6f duration_ms=1345 hist=120 preds=5 similar=3
2026-02-10 08:16:02,445 INFO similar_kline.api: predict.chart_done id=4a770ee81d6f duration_ms=123
2026-02-10 08:16:02,446 INFO similar_kline.api: predict.evaluation id=4a770ee81d6f count=255 mae=0.009604979029376275 rmse=0.012624310148943128 dir_acc=0.5764705882352941
2026-02-10 08:16:02,448 INFO similar_kline.api: predict.success id=4a770ee81d6f total_ms=1470
2026-02-10 08:16:02,461 INFO similar_kline.api: request.end id=4a770ee81d6f status=200 duration_ms=1498
2026-02-10 08:56:47,687 INFO similar_kline.api: request.start id=4d81bebfe667 method=GET path=/api/features client=67.159.52.217
2026-02-10 08:56:47,716 INFO similar_kline.api: request.end id=4d81bebfe667 status=200 duration_ms=30
2026-02-10 08:56:48,119 INFO similar_kline.api: request.start id=57e8006ffe24 method=GET path=/api/cache/stats client=127.0.0.1
2026-02-10 08:56:48,137 INFO similar_kline.api: request.end id=57e8006ffe24 status=200 duration_ms=18
2026-02-10 08:56:50,383 INFO similar_kline.api: request.start id=2b29577bc3b8 method=OPTIONS path=/api/cache/check client=127.0.0.1
2026-02-10 08:56:50,386 INFO similar_kline.api: request.end id=2b29577bc3b8 status=200 duration_ms=4
2026-02-10 08:56:50,391 INFO similar_kline.api: request.start id=da5673bf10b2 method=POST path=/api/cache/check client=127.0.0.1
2026-02-10 08:56:50,400 INFO similar_kline.api: request.end id=da5673bf10b2 status=200 duration_ms=8
2026-02-10 08:56:50,494 INFO similar_kline.api: request.start id=3e427820d0c3 method=POST path=/api/predict client=67.159.52.217
2026-02-10 08:56:50,501 INFO similar_kline.api: predict.start id=3e427820d0c3 symbol=000001.SH start=20200101 end=20260210 window=30 h_future=5 topk=5 engine=ml model_type=transformer features=0 use_cache=True include_chart=True
2026-02-10 08:56:50,502 INFO pipeline_core: pipeline.start symbol=000001.SH start=20200101 end=20260210 window=30 h_future=5 topk=5 engine=ml model_type=transformer features=0
2026-02-10 08:56:50,510 INFO function: market_data.request symbol=000001.SH type=index start=20200101 end=20260210
2026-02-10 08:56:50,676 INFO function: market_data.cache_hit symbol=000001.SH type=index rows=8581
2026-02-10 08:56:51,548 INFO pipeline_core: pipeline.preprocess rows_in=1481 rows_out=1481 features=29 duration_ms=827
2026-02-10 08:56:51,876 INFO model_cache: »ş´ćĂüÖĐ: 000001.SH_transformer_ffd48e9a3c0574a7
2026-02-10 08:56:51,954 INFO pipeline_core: pipeline.embedding mode=ml windows=1452 emb_dim=64 duration_ms=396 use_cache=True
2026-02-10 08:56:52,188 INFO pipeline_core: pipeline.prefilter enabled=True candidates=25 tolerance=0.600 multiplier=5 min_gap=60 dedup_radius=5
2026-02-10 08:56:52,194 INFO pipeline_core: pipeline.similarity initial=7 re_rank_top=30
2026-02-10 08:56:52,224 INFO pipeline_core: pipeline.matches matched=3 strictness=0.750 sim_method=hybrid
2026-02-10 08:56:54,077 INFO pipeline_core: pipeline.data_fetch symbol=000001.SH type=index rows=1481 duration_ms=3566
2026-02-10 08:56:54,087 INFO pipeline_core: pipeline.data_range symbol=000001.SH first=2020-01-02 last=2026-02-09
2026-02-10 08:56:54,088 INFO pipeline_core: pipeline.evaluation count=255 mae=0.009604979029376275 rmse=0.012624310148943128 dir_acc=0.5764705882352941
2026-02-10 08:56:54,088 INFO pipeline_core: pipeline.done symbol=000001.SH duration_ms=3586 history=120 predictions=5 similar=3
2026-02-10 08:56:54,090 INFO similar_kline.api: predict.pipeline_done id=3e427820d0c3 duration_ms=3588 hist=120 preds=5 similar=3
2026-02-10 08:56:54,488 INFO similar_kline.api: predict.chart_done id=3e427820d0c3 duration_ms=397
2026-02-10 08:56:54,500 INFO similar_kline.api: predict.evaluation id=3e427820d0c3 count=255 mae=0.009604979029376275 rmse=0.012624310148943128 dir_acc=0.5764705882352941
2026-02-10 08:56:54,502 INFO similar_kline.api: predict.success id=3e427820d0c3 total_ms=3999
2026-02-10 08:56:54,538 INFO similar_kline.api: request.end id=3e427820d0c3 status=200 duration_ms=4043
2026-02-10 08:56:54,814 INFO similar_kline.api: request.start id=ba2fba367a20 method=GET path=/api/cache/stats client=127.0.0.1
2026-02-10 08:56:54,820 INFO similar_kline.api: request.end id=ba2fba367a20 status=200 duration_ms=5
2026-02-10 09:06:55,794 INFO similar_kline.api: request.start id=fed09b951818 method=OPTIONS path=/api/cache/clear client=127.0.0.1
2026-02-10 09:06:55,813 INFO similar_kline.api: request.end id=fed09b951818 status=200 duration_ms=19
2026-02-10 09:06:55,818 INFO similar_kline.api: request.start id=0943e65ed5c0 method=DELETE path=/api/cache/clear client=127.0.0.1
2026-02-10 09:06:55,823 INFO model_cache: ŇŃÉľłý»ş´ć: 000001.SH_transformer_ffd48e9a3c0574a7
2026-02-10 09:06:55,824 INFO model_cache: ŇŃÇĺżŐ 1 ¸ö»ş´ćÎÄĽţ
2026-02-10 09:06:55,833 INFO similar_kline.api: request.end id=0943e65ed5c0 status=200 duration_ms=14
2026-02-10 09:06:55,843 INFO similar_kline.api: request.start id=f932a039c122 method=GET path=/api/cache/stats client=127.0.0.1
2026-02-10 09:06:55,844 INFO similar_kline.api: request.end id=f932a039c122 status=200 duration_ms=1
2026-02-10 09:06:55,856 INFO similar_kline.api: request.start id=3b2d474060f4 method=GET path=/api/cache/list client=127.0.0.1
2026-02-10 09:06:55,893 INFO similar_kline.api: request.end id=3b2d474060f4 status=200 duration_ms=37
2026-02-10 09:06:55,901 INFO similar_kline.api: request.start id=4eaf29443502 method=GET path=/api/cache/list client=127.0.0.1
2026-02-10 09:06:55,903 INFO similar_kline.api: request.end id=4eaf29443502 status=200 duration_ms=1
2026-02-10 09:06:57,879 INFO similar_kline.api: request.start id=d0ce02c06aa5 method=OPTIONS path=/api/cache/check client=127.0.0.1
2026-02-10 09:06:57,880 INFO similar_kline.api: request.end id=d0ce02c06aa5 status=200 duration_ms=1
2026-02-10 09:06:57,884 INFO similar_kline.api: request.start id=e1660a7956c3 method=POST path=/api/cache/check client=127.0.0.1
2026-02-10 09:06:57,887 INFO similar_kline.api: request.end id=e1660a7956c3 status=200 duration_ms=2
2026-02-10 09:06:58,191 INFO similar_kline.api: request.start id=c8adeeb51628 method=POST path=/api/predict client=67.159.52.217
2026-02-10 09:06:58,199 INFO similar_kline.api: predict.start id=c8adeeb51628 symbol=000001.SH start=20200101 end=20260210 window=30 h_future=5 topk=5 engine=ml model_type=transformer features=0 use_cache=True include_chart=True
2026-02-10 09:06:58,200 INFO pipeline_core: pipeline.start symbol=000001.SH start=20200101 end=20260210 window=30 h_future=5 topk=5 engine=ml model_type=transformer features=0
2026-02-10 09:06:58,207 INFO function: market_data.request symbol=000001.SH type=index start=20200101 end=20260210
2026-02-10 09:07:00,054 INFO function: market_data.fetch_done symbol=000001.SH type=index rows=8581 duration_ms=1835
2026-02-10 09:07:00,762 INFO pipeline_core: pipeline.preprocess rows_in=1481 rows_out=1481 features=29 duration_ms=659
2026-02-10 09:07:00,778 INFO model_cache: »ş´ćÎ´ŐŇµ˝: 000001.SH_transformer_ffd48e9a3c0574a7
2026-02-10 09:10:24,125 INFO model_cache: ÄŁĐÍ»ş´ćŇŃ±Ł´ć: 000001.SH_transformer_ffd48e9a3c0574a7
2026-02-10 09:10:24,140 INFO pipeline_core: pipeline.embedding mode=ml windows=1452 emb_dim=64 duration_ms=203363 use_cache=True
2026-02-10 09:10:24,310 INFO pipeline_core: pipeline.prefilter enabled=True candidates=25 tolerance=0.600 multiplier=5 min_gap=60 dedup_radius=5
2026-02-10 09:10:24,349 INFO pipeline_core: pipeline.similarity initial=7 re_rank_top=30
2026-02-10 09:10:24,417 INFO pipeline_core: pipeline.matches matched=3 strictness=0.750 sim_method=hybrid
2026-02-10 09:10:26,141 INFO pipeline_core: pipeline.data_fetch symbol=000001.SH type=index rows=1481 duration_ms=207934
2026-02-10 09:10:26,151 INFO pipeline_core: pipeline.data_range symbol=000001.SH first=2020-01-02 last=2026-02-09
2026-02-10 09:10:26,152 INFO pipeline_core: pipeline.evaluation count=255 mae=0.009604979029376275 rmse=0.012624310148943128 dir_acc=0.5764705882352941
2026-02-10 09:10:26,153 INFO pipeline_core: pipeline.done symbol=000001.SH duration_ms=207951 history=120 predictions=5 similar=3
2026-02-10 09:10:26,162 INFO similar_kline.api: predict.pipeline_done id=c8adeeb51628 duration_ms=207959 hist=120 preds=5 similar=3
2026-02-10 09:10:26,578 INFO similar_kline.api: predict.chart_done id=c8adeeb51628 duration_ms=413
2026-02-10 09:10:26,579 INFO similar_kline.api: predict.evaluation id=c8adeeb51628 count=255 mae=0.009604979029376275 rmse=0.012624310148943128 dir_acc=0.5764705882352941
2026-02-10 09:10:26,580 INFO similar_kline.api: predict.success id=c8adeeb51628 total_ms=208378
2026-02-10 09:10:26,628 INFO similar_kline.api: request.end id=c8adeeb51628 status=200 duration_ms=208436
2026-02-10 09:10:26,653 INFO similar_kline.api: request.start id=2e58829698dc method=POST path=/api/cache/check client=127.0.0.1
2026-02-10 09:10:26,672 INFO similar_kline.api: request.start id=87cfc74edd2f method=GET path=/api/features client=67.159.52.217
2026-02-10 09:10:26,702 INFO similar_kline.api: request.start id=bfa91c4234c1 method=POST path=/api/predict client=67.159.52.217
2026-02-10 09:10:26,715 INFO similar_kline.api: request.end id=2e58829698dc status=200 duration_ms=62
2026-02-10 09:10:26,716 INFO similar_kline.api: predict.start id=bfa91c4234c1 symbol=000001.SH start=20200101 end=20260210 window=30 h_future=5 topk=5 engine=ml model_type=transformer features=0 use_cache=True include_chart=True
2026-02-10 09:10:26,718 INFO pipeline_core: pipeline.start symbol=000001.SH start=20200101 end=20260210 window=30 h_future=5 topk=5 engine=ml model_type=transformer features=0
2026-02-10 09:10:26,729 INFO function: market_data.request symbol=000001.SH type=index start=20200101 end=20260210
2026-02-10 09:10:26,747 INFO function: market_data.cache_hit symbol=000001.SH type=index rows=8581
2026-02-10 09:10:27,488 INFO pipeline_core: pipeline.preprocess rows_in=1481 rows_out=1481 features=29 duration_ms=704
2026-02-10 09:10:27,658 INFO model_cache: »ş´ćĂüÖĐ: 000001.SH_transformer_ffd48e9a3c0574a7
2026-02-10 09:10:27,753 INFO pipeline_core: pipeline.embedding mode=ml windows=1452 emb_dim=64 duration_ms=172 use_cache=True
2026-02-10 09:10:28,024 INFO pipeline_core: pipeline.prefilter enabled=True candidates=25 tolerance=0.600 multiplier=5 min_gap=60 dedup_radius=5
2026-02-10 09:10:28,029 INFO pipeline_core: pipeline.similarity initial=7 re_rank_top=30
2026-02-10 09:10:28,061 INFO pipeline_core: pipeline.matches matched=3 strictness=0.750 sim_method=hybrid
2026-02-10 09:10:30,278 INFO pipeline_core: pipeline.data_fetch symbol=000001.SH type=index rows=1481 duration_ms=3550
2026-02-10 09:10:30,287 INFO pipeline_core: pipeline.data_range symbol=000001.SH first=2020-01-02 last=2026-02-09
2026-02-10 09:10:30,288 INFO pipeline_core: pipeline.evaluation count=255 mae=0.009604979029376275 rmse=0.012624310148943128 dir_acc=0.5764705882352941
2026-02-10 09:10:30,289 INFO pipeline_core: pipeline.done symbol=000001.SH duration_ms=3570 history=120 predictions=5 similar=3
2026-02-10 09:10:30,292 INFO similar_kline.api: predict.pipeline_done id=bfa91c4234c1 duration_ms=3573 hist=120 preds=5 similar=3
2026-02-10 09:10:30,472 INFO similar_kline.api: predict.chart_done id=bfa91c4234c1 duration_ms=180
2026-02-10 09:10:30,473 INFO similar_kline.api: predict.evaluation id=bfa91c4234c1 count=255 mae=0.009604979029376275 rmse=0.012624310148943128 dir_acc=0.5764705882352941
2026-02-10 09:10:30,474 INFO similar_kline.api: predict.success id=bfa91c4234c1 total_ms=3756
2026-02-10 09:10:30,491 INFO similar_kline.api: request.end id=87cfc74edd2f status=200 duration_ms=3818
2026-02-10 09:10:30,492 INFO similar_kline.api: request.end id=bfa91c4234c1 status=200 duration_ms=3791
2026-02-10 09:10:30,892 INFO similar_kline.api: request.start id=49a57c135da7 method=GET path=/api/cache/stats client=127.0.0.1
2026-02-10 09:10:30,895 INFO similar_kline.api: request.end id=49a57c135da7 status=200 duration_ms=2
2026-02-10 09:10:31,159 INFO similar_kline.api: request.start id=2bf9ef006e38 method=GET path=/api/cache/stats client=127.0.0.1
2026-02-10 09:10:31,161 INFO similar_kline.api: request.end id=2bf9ef006e38 status=200 duration_ms=1
2026-02-10 09:53:24,005 INFO similar_kline.api: request.start id=19b2b62895da method=GET path=/api/features client=67.159.52.217
2026-02-10 09:53:24,021 INFO similar_kline.api: request.end id=19b2b62895da status=200 duration_ms=17
2026-02-10 09:53:24,415 INFO similar_kline.api: request.start id=d842d1ad5bdf method=GET path=/api/cache/stats client=127.0.0.1
2026-02-10 09:53:24,419 INFO similar_kline.api: request.end id=d842d1ad5bdf status=200 duration_ms=4
2026-02-10 16:30:00,020 INFO model_cache: ŇŃÉľłý»ş´ć: 000001.SH_transformer_ffd48e9a3c0574a7
2026-02-10 16:30:00,023 INFO model_cache: ŇŃÇĺżŐ 1 ¸ö»ş´ćÎÄĽţ
2026-02-10 16:30:00,104 INFO pipeline_core: pipeline.start symbol=000001.SH start=20200101 end=20261231 window=5 h_future=5 topk=5 engine=ml model_type=transformer features=0
2026-02-10 16:30:00,143 INFO function: market_data.request symbol=000001.SH type=index start=20200101 end=20261231
2026-02-10 16:30:01,248 INFO function: market_data.fetch_done symbol=000001.SH type=index rows=8581 duration_ms=1100
2026-02-10 16:30:01,563 INFO pipeline_core: pipeline.preprocess rows_in=1481 rows_out=1481 features=29 duration_ms=279
2026-02-10 16:30:01,581 INFO model_cache: »ş´ćÎ´ŐŇµ˝: 000001.SH_transformer_e6c7cca03a371535
2026-02-10 16:30:20,608 INFO model_cache: ÄŁĐÍ»ş´ćŇŃ±Ł´ć: 000001.SH_transformer_e6c7cca03a371535
2026-02-10 16:30:20,609 INFO pipeline_core: pipeline.embedding mode=ml windows=1477 emb_dim=64 duration_ms=19035 use_cache=True
2026-02-10 16:30:20,713 INFO pipeline_core: pipeline.prefilter enabled=True candidates=25 tolerance=0.600 multiplier=5 min_gap=30 dedup_radius=5
2026-02-10 16:30:20,720 INFO pipeline_core: pipeline.similarity initial=21 re_rank_top=30
2026-02-10 16:30:20,727 INFO pipeline_core: pipeline.matches matched=5 strictness=0.750 sim_method=hybrid
2026-02-10 16:30:21,544 INFO pipeline_core: pipeline.data_fetch symbol=000001.SH type=index rows=1481 duration_ms=21400
2026-02-10 16:30:21,553 INFO pipeline_core: pipeline.data_range symbol=000001.SH first=2020-01-02 last=2026-02-09
2026-02-10 16:30:21,555 INFO pipeline_core: pipeline.evaluation count=260 mae=0.009827688243972172 rmse=0.0124096452675388 dir_acc=0.4846153846153846
2026-02-10 16:30:21,557 INFO pipeline_core: pipeline.done symbol=000001.SH duration_ms=21457 history=120 predictions=5 similar=5
2026-02-10 23:33:00,415 INFO similar_kline.api: request.start id=e240c811486f method=GET path=/api/features client=67.159.52.217
2026-02-10 23:33:02,652 INFO similar_kline.api: request.end id=e240c811486f status=200 duration_ms=2240
2026-02-10 23:33:04,590 INFO similar_kline.api: request.start id=7b22fe2a3e27 method=GET path=/api/cache/stats client=127.0.0.1
2026-02-10 23:33:06,052 INFO similar_kline.api: request.end id=7b22fe2a3e27 status=200 duration_ms=1463
2026-02-10 23:46:13,759 INFO similar_kline.api: request.start id=837b534b6dbf method=OPTIONS path=/api/cache/check client=127.0.0.1
2026-02-10 23:46:13,789 INFO similar_kline.api: request.end id=837b534b6dbf status=200 duration_ms=31
2026-02-10 23:46:13,812 INFO similar_kline.api: request.start id=727079bc6bbb method=POST path=/api/cache/check client=127.0.0.1
2026-02-10 23:46:13,903 INFO similar_kline.api: request.end id=727079bc6bbb status=200 duration_ms=91
2026-02-10 23:46:14,427 INFO similar_kline.api: request.start id=8b73e291d0f7 method=POST path=/api/predict client=67.159.52.217
2026-02-10 23:46:14,438 INFO similar_kline.api: predict.start id=8b73e291d0f7 symbol=000001.SH start=20200101 end=20260210 window=30 h_future=5 topk=5 engine=ml model_type=transformer features=0 use_cache=True include_chart=True
2026-02-10 23:46:14,444 INFO pipeline_core: pipeline.start symbol=000001.SH start=20200101 end=20260210 window=30 h_future=5 topk=5 engine=ml model_type=transformer features=0
2026-02-10 23:46:14,495 INFO function: market_data.request symbol=000001.SH type=index start=20200101 end=20260210
2026-02-10 23:46:14,668 INFO function: market_data.cache_refresh symbol=000001.SH type=index fetched_at=2026-02-10T16:30:01.263844
2026-02-10 23:46:16,045 INFO function: market_data.fetch_done symbol=000001.SH type=index rows=8582 duration_ms=1375
2026-02-10 23:46:16,646 INFO pipeline_core: pipeline.preprocess rows_in=1482 rows_out=1482 features=29 duration_ms=553
2026-02-10 23:46:16,665 INFO model_cache: »ş´ćÎ´ŐŇµ˝: 000001.SH_transformer_ffd48e9a3c0574a7
2026-02-10 23:48:41,062 INFO model_cache: ÄŁĐÍ»ş´ćŇŃ±Ł´ć: 000001.SH_transformer_ffd48e9a3c0574a7
2026-02-10 23:48:41,176 INFO pipeline_core: pipeline.embedding mode=ml windows=1453 emb_dim=64 duration_ms=144507 use_cache=True
2026-02-10 23:48:41,344 INFO pipeline_core: pipeline.prefilter enabled=True candidates=25 tolerance=0.600 multiplier=5 min_gap=60 dedup_radius=5
2026-02-10 23:48:41,594 INFO pipeline_core: pipeline.similarity initial=9 re_rank_top=30
2026-02-10 23:48:42,220 INFO pipeline_core: pipeline.matches matched=3 strictness=0.750 sim_method=hybrid
2026-02-10 23:48:46,146 INFO pipeline_core: pipeline.data_fetch symbol=000001.SH type=index rows=1482 duration_ms=151654
2026-02-10 23:48:46,155 INFO pipeline_core: pipeline.data_range symbol=000001.SH first=2020-01-02 last=2026-02-10
2026-02-10 23:48:46,173 INFO pipeline_core: pipeline.evaluation count=256 mae=0.009595535274354807 rmse=0.012607634423964533 dir_acc=0.57421875
2026-02-10 23:48:46,175 INFO pipeline_core: pipeline.done symbol=000001.SH duration_ms=151734 history=120 predictions=5 similar=3
2026-02-10 23:48:46,190 INFO similar_kline.api: predict.pipeline_done id=8b73e291d0f7 duration_ms=151750 hist=120 preds=5 similar=3
2026-02-10 23:48:48,481 INFO similar_kline.api: predict.chart_done id=8b73e291d0f7 duration_ms=2279
2026-02-10 23:48:48,990 INFO similar_kline.api: predict.evaluation id=8b73e291d0f7 count=256 mae=0.009595535274354807 rmse=0.012607634423964533 dir_acc=0.57421875
2026-02-10 23:48:49,284 INFO similar_kline.api: predict.success id=8b73e291d0f7 total_ms=154844
2026-02-10 23:48:49,724 INFO similar_kline.api: request.end id=8b73e291d0f7 status=200 duration_ms=155297
2026-02-11 00:02:52,688 INFO similar_kline.api: request.start id=d931635ab6a3 method=OPTIONS path=/api/cache/check client=127.0.0.1
2026-02-11 00:02:52,714 INFO similar_kline.api: request.end id=d931635ab6a3 status=200 duration_ms=40
2026-02-11 00:02:52,754 INFO similar_kline.api: request.start id=07a48ba4ed69 method=POST path=/api/cache/check client=127.0.0.1
2026-02-11 00:02:52,852 INFO similar_kline.api: request.end id=07a48ba4ed69 status=200 duration_ms=98
2026-02-11 00:02:53,925 INFO similar_kline.api: request.start id=113edafcf959 method=POST path=/api/predict client=67.159.52.217
2026-02-11 00:02:53,930 INFO similar_kline.api: predict.start id=113edafcf959 symbol=000001.SH start=20200101 end=20260211 window=30 h_future=5 topk=5 engine=ml model_type=transformer features=0 use_cache=True include_chart=True
2026-02-11 00:02:53,934 INFO pipeline_core: pipeline.start symbol=000001.SH start=20200101 end=20260211 window=30 h_future=5 topk=5 engine=ml model_type=transformer features=0
2026-02-11 00:02:53,982 INFO function: market_data.request symbol=000001.SH type=index start=20200101 end=20260211
2026-02-11 00:02:54,032 INFO function: market_data.cache_hit symbol=000001.SH type=index rows=8582
2026-02-11 00:02:54,801 INFO pipeline_core: pipeline.preprocess rows_in=1482 rows_out=1482 features=29 duration_ms=693
2026-02-11 00:02:54,825 INFO model_cache: »ş´ćÎ´ŐŇµ˝: 000001.SH_transformer_616fd25a34a20489
2026-02-11 00:05:36,291 INFO model_cache: ÄŁĐÍ»ş´ćŇŃ±Ł´ć: 000001.SH_transformer_616fd25a34a20489
2026-02-11 00:05:36,337 INFO pipeline_core: pipeline.embedding mode=ml windows=1453 emb_dim=64 duration_ms=161512 use_cache=True
2026-02-11 00:05:36,453 INFO pipeline_core: pipeline.prefilter enabled=True candidates=25 tolerance=0.600 multiplier=5 min_gap=60 dedup_radius=5
2026-02-11 00:05:36,489 INFO pipeline_core: pipeline.similarity initial=9 re_rank_top=30
2026-02-11 00:05:36,531 INFO pipeline_core: pipeline.matches matched=3 strictness=0.750 sim_method=hybrid
2026-02-11 00:05:37,810 INFO pipeline_core: pipeline.data_fetch symbol=000001.SH type=index rows=1482 duration_ms=163828
2026-02-11 00:05:37,819 INFO pipeline_core: pipeline.data_range symbol=000001.SH first=2020-01-02 last=2026-02-10
2026-02-11 00:05:37,820 INFO pipeline_core: pipeline.evaluation count=256 mae=0.009595535274354807 rmse=0.012607634423964533 dir_acc=0.57421875
2026-02-11 00:05:37,821 INFO pipeline_core: pipeline.done symbol=000001.SH duration_ms=163886 history=120 predictions=5 similar=3
2026-02-11 00:05:37,830 INFO similar_kline.api: predict.pipeline_done id=113edafcf959 duration_ms=163897 hist=120 preds=5 similar=3
2026-02-11 00:05:38,080 INFO similar_kline.api: predict.chart_done id=113edafcf959 duration_ms=249
2026-02-11 00:05:38,093 INFO similar_kline.api: predict.evaluation id=113edafcf959 count=256 mae=0.009595535274354807 rmse=0.012607634423964533 dir_acc=0.57421875
2026-02-11 00:05:38,094 INFO similar_kline.api: predict.success id=113edafcf959 total_ms=164162
2026-02-11 00:05:38,127 INFO similar_kline.api: request.end id=113edafcf959 status=200 duration_ms=164203
2026-02-11 00:37:35,268 INFO similar_kline.api: request.start id=6cb81ac5a09c method=OPTIONS path=/api/cache/check client=127.0.0.1
2026-02-11 00:37:35,283 INFO similar_kline.api: request.end id=6cb81ac5a09c status=200 duration_ms=19
2026-02-11 00:37:35,299 INFO similar_kline.api: request.start id=74d23062b318 method=POST path=/api/cache/check client=127.0.0.1
2026-02-11 00:37:35,323 INFO similar_kline.api: request.end id=74d23062b318 status=200 duration_ms=23
2026-02-11 00:37:36,269 INFO similar_kline.api: request.start id=0ce8f7cefac8 method=POST path=/api/predict client=67.159.52.217
2026-02-11 00:37:36,273 INFO similar_kline.api: predict.start id=0ce8f7cefac8 symbol=000001.SH start=20200101 end=20260211 window=30 h_future=5 topk=5 engine=ml model_type=transformer features=0 use_cache=True include_chart=True
2026-02-11 00:37:36,274 INFO pipeline_core: pipeline.start symbol=000001.SH start=20200101 end=20260211 window=30 h_future=5 topk=5 engine=ml model_type=transformer features=0
2026-02-11 00:37:36,299 INFO function: market_data.request symbol=000001.SH type=index start=20200101 end=20260211
2026-02-11 00:37:36,396 INFO function: market_data.cache_hit symbol=000001.SH type=index rows=8582
2026-02-11 00:37:36,994 INFO pipeline_core: pipeline.preprocess rows_in=1482 rows_out=1482 features=29 duration_ms=547
2026-02-11 00:37:37,315 INFO model_cache: »ş´ćĂüÖĐ: 000001.SH_transformer_616fd25a34a20489
2026-02-11 00:37:37,381 INFO pipeline_core: pipeline.embedding mode=ml windows=1453 emb_dim=64 duration_ms=367 use_cache=True
2026-02-11 00:37:37,543 INFO pipeline_core: pipeline.prefilter enabled=True candidates=25 tolerance=0.600 multiplier=5 min_gap=60 dedup_radius=5
2026-02-11 00:37:37,546 INFO pipeline_core: pipeline.similarity initial=9 re_rank_top=30
2026-02-11 00:37:37,558 INFO pipeline_core: pipeline.matches matched=3 strictness=0.750 sim_method=hybrid
2026-02-11 00:37:38,928 INFO pipeline_core: pipeline.data_fetch symbol=000001.SH type=index rows=1482 duration_ms=2630
2026-02-11 00:37:38,936 INFO pipeline_core: pipeline.data_range symbol=000001.SH first=2020-01-02 last=2026-02-10
2026-02-11 00:37:38,937 INFO pipeline_core: pipeline.evaluation count=256 mae=0.009595535274354807 rmse=0.012607634423964533 dir_acc=0.57421875
2026-02-11 00:37:38,937 INFO pipeline_core: pipeline.done symbol=000001.SH duration_ms=2664 history=120 predictions=5 similar=3
2026-02-11 00:37:38,941 INFO similar_kline.api: predict.pipeline_done id=0ce8f7cefac8 duration_ms=2667 hist=120 preds=5 similar=3
2026-02-11 00:37:39,192 INFO similar_kline.api: predict.chart_done id=0ce8f7cefac8 duration_ms=251
2026-02-11 00:37:39,193 INFO similar_kline.api: predict.evaluation id=0ce8f7cefac8 count=256 mae=0.009595535274354807 rmse=0.012607634423964533 dir_acc=0.57421875
2026-02-11 00:37:39,194 INFO similar_kline.api: predict.success id=0ce8f7cefac8 total_ms=2921
2026-02-11 00:37:39,221 INFO similar_kline.api: request.end id=0ce8f7cefac8 status=200 duration_ms=2953
2026-02-11 00:37:40,874 INFO similar_kline.api: request.start id=1174a8d87b25 method=GET path=/api/cache/stats client=127.0.0.1
2026-02-11 00:37:41,019 INFO similar_kline.api: request.end id=1174a8d87b25 status=200 duration_ms=144
2026-02-11 01:21:20,607 INFO similar_kline.api: request.start id=36479e83b3be method=GET path=/api/features client=67.159.52.217
2026-02-11 01:21:20,727 INFO similar_kline.api: request.end id=36479e83b3be status=200 duration_ms=154
2026-02-11 01:21:21,144 INFO similar_kline.api: request.start id=b926141c32ae method=GET path=/api/cache/stats client=127.0.0.1
2026-02-11 01:21:21,149 INFO similar_kline.api: request.end id=b926141c32ae status=200 duration_ms=4
2026-02-11 01:21:22,608 INFO similar_kline.api: request.start id=96446e10c67b method=OPTIONS path=/api/cache/check client=127.0.0.1
2026-02-11 01:21:22,611 INFO similar_kline.api: request.end id=96446e10c67b status=200 duration_ms=1
2026-02-11 01:21:22,616 INFO similar_kline.api: request.start id=0c8f9bfd1358 method=POST path=/api/cache/check client=127.0.0.1
2026-02-11 01:21:22,621 INFO similar_kline.api: request.end id=0c8f9bfd1358 status=200 duration_ms=5
2026-02-11 01:21:22,720 INFO similar_kline.api: request.start id=f1a68c082a44 method=POST path=/api/predict client=67.159.52.217
2026-02-11 01:21:22,722 INFO similar_kline.api: predict.start id=f1a68c082a44 symbol=000001.SH start=20200101 end=20260211 window=30 h_future=5 topk=5 engine=ml model_type=transformer features=0 use_cache=True include_chart=True
2026-02-11 01:21:22,722 INFO pipeline_core: pipeline.start symbol=000001.SH start=20200101 end=20260211 window=30 h_future=5 topk=5 engine=ml model_type=transformer features=0
2026-02-11 01:21:22,728 INFO function: market_data.request symbol=000001.SH type=index start=20200101 end=20260211
2026-02-11 01:21:22,767 INFO function: market_data.cache_hit symbol=000001.SH type=index rows=8582
2026-02-11 01:21:23,249 INFO pipeline_core: pipeline.preprocess rows_in=1482 rows_out=1482 features=29 duration_ms=446
2026-02-11 01:21:23,309 INFO model_cache: »ş´ćĂüÖĐ: 000001.SH_transformer_616fd25a34a20489
2026-02-11 01:21:23,351 INFO pipeline_core: pipeline.embedding mode=ml windows=1453 emb_dim=64 duration_ms=94 use_cache=True
2026-02-11 01:21:23,467 INFO pipeline_core: pipeline.prefilter enabled=True candidates=25 tolerance=0.600 multiplier=5 min_gap=60 dedup_radius=5
2026-02-11 01:21:23,471 INFO pipeline_core: pipeline.similarity initial=9 re_rank_top=30
2026-02-11 01:21:23,481 INFO pipeline_core: pipeline.matches matched=3 strictness=0.750 sim_method=hybrid
2026-02-11 01:21:24,400 INFO pipeline_core: pipeline.data_fetch symbol=000001.SH type=index rows=1482 duration_ms=1672
2026-02-11 01:21:24,418 INFO pipeline_core: pipeline.data_range symbol=000001.SH first=2020-01-02 last=2026-02-10
2026-02-11 01:21:24,418 INFO pipeline_core: pipeline.evaluation count=256 mae=0.009595535274354807 rmse=0.012607634423964533 dir_acc=0.57421875
2026-02-11 01:21:24,419 INFO pipeline_core: pipeline.done symbol=000001.SH duration_ms=1696 history=120 predictions=5 similar=3
2026-02-11 01:21:24,421 INFO similar_kline.api: predict.pipeline_done id=f1a68c082a44 duration_ms=1698 hist=120 preds=5 similar=3
2026-02-11 01:21:25,928 INFO similar_kline.api: predict.chart_done id=f1a68c082a44 duration_ms=1506
2026-02-11 01:21:25,930 INFO similar_kline.api: predict.evaluation id=f1a68c082a44 count=256 mae=0.009595535274354807 rmse=0.012607634423964533 dir_acc=0.57421875
2026-02-11 01:21:25,932 INFO similar_kline.api: predict.success id=f1a68c082a44 total_ms=3209
2026-02-11 01:21:25,954 INFO similar_kline.api: request.end id=f1a68c082a44 status=200 duration_ms=3234
2026-02-11 01:21:26,417 INFO similar_kline.api: request.start id=3b7310c6bc68 method=GET path=/api/cache/stats client=127.0.0.1
2026-02-11 01:21:26,420 INFO similar_kline.api: request.end id=3b7310c6bc68 status=200 duration_ms=3
2026-02-11 01:26:03,387 INFO similar_kline.api: request.start id=73b185f2c9ec method=GET path=/api/features client=67.159.52.217
2026-02-11 01:26:03,393 INFO similar_kline.api: request.end id=73b185f2c9ec status=200 duration_ms=6
2026-02-11 01:26:03,799 INFO similar_kline.api: request.start id=c85451fc7108 method=GET path=/api/cache/stats client=127.0.0.1
2026-02-11 01:26:03,800 INFO similar_kline.api: request.end id=c85451fc7108 status=200 duration_ms=1
2026-02-11 01:26:11,326 INFO similar_kline.api: request.start id=c39e6ce90588 method=GET path=/api/features client=67.159.52.217
2026-02-11 01:26:11,332 INFO similar_kline.api: request.end id=c39e6ce90588 status=200 duration_ms=6
2026-02-11 01:26:11,423 INFO similar_kline.api: request.start id=e471af6eb599 method=GET path=/api/cache/stats client=127.0.0.1
2026-02-11 01:26:11,426 INFO similar_kline.api: request.end id=e471af6eb599 status=200 duration_ms=4
2026-02-11 01:26:54,719 INFO similar_kline.api: request.start id=e139f784df06 method=GET path=/api/features client=67.159.52.217
2026-02-11 01:26:54,721 INFO similar_kline.api: request.end id=e139f784df06 status=200 duration_ms=1
2026-02-11 01:26:55,148 INFO similar_kline.api: request.start id=49f40c8fb548 method=GET path=/api/cache/stats client=127.0.0.1
2026-02-11 01:26:55,151 INFO similar_kline.api: request.end id=49f40c8fb548 status=200 duration_ms=1
2026-02-11 01:28:11,293 INFO similar_kline.api: request.start id=7e6aa79581e8 method=GET path=/api/features client=67.159.52.217
2026-02-11 01:28:11,296 INFO similar_kline.api: request.end id=7e6aa79581e8 status=200 duration_ms=3
2026-02-11 01:28:11,700 INFO similar_kline.api: request.start id=6789dbab3685 method=GET path=/api/cache/stats client=127.0.0.1
2026-02-11 01:28:11,709 INFO similar_kline.api: request.end id=6789dbab3685 status=200 duration_ms=8
2026-02-11 01:29:35,913 INFO similar_kline.api: request.start id=7a60ceef8c09 method=GET path=/api/features client=67.159.52.217
2026-02-11 01:29:35,915 INFO similar_kline.api: request.end id=7a60ceef8c09 status=200 duration_ms=1
2026-02-11 01:29:36,646 INFO similar_kline.api: request.start id=562f03f44af3 method=GET path=/api/cache/stats client=127.0.0.1
2026-02-11 01:29:36,651 INFO similar_kline.api: request.end id=562f03f44af3 status=200 duration_ms=5
2026-02-11 01:37:50,470 INFO similar_kline.api: request.start id=d7f36d7a09f3 method=OPTIONS path=/api/cache/check client=127.0.0.1
2026-02-11 01:37:50,483 INFO similar_kline.api: request.end id=d7f36d7a09f3 status=200 duration_ms=13
2026-02-11 01:37:50,487 INFO similar_kline.api: request.start id=4189d20ecaed method=POST path=/api/cache/check client=127.0.0.1
2026-02-11 01:37:50,497 INFO similar_kline.api: request.end id=4189d20ecaed status=200 duration_ms=10
2026-02-11 01:37:52,304 INFO similar_kline.api: request.start id=eeff0bd112ff method=POST path=/api/predict client=67.159.52.217
2026-02-11 01:37:52,315 INFO similar_kline.api: predict.start id=eeff0bd112ff symbol=000001.SH start=20200101 end=20260211 window=30 h_future=5 topk=5 engine=ml model_type=transformer features=0 use_cache=True include_chart=True
2026-02-11 01:37:52,316 INFO pipeline_core: pipeline.start symbol=000001.SH start=20200101 end=20260211 window=30 h_future=5 topk=5 engine=ml model_type=transformer features=0
2026-02-11 01:37:52,370 INFO function: market_data.request symbol=000001.SH type=index start=20200101 end=20260211
2026-02-11 01:37:52,387 INFO function: market_data.cache_hit symbol=000001.SH type=index rows=8582
2026-02-11 01:37:53,000 INFO pipeline_core: pipeline.preprocess rows_in=1482 rows_out=1482 features=29 duration_ms=565
2026-02-11 01:37:53,029 INFO model_cache: »ş´ćĂüÖĐ: 000001.SH_transformer_616fd25a34a20489
2026-02-11 01:37:53,076 INFO pipeline_core: pipeline.embedding mode=ml windows=1453 emb_dim=64 duration_ms=63 use_cache=True
2026-02-11 01:37:53,252 INFO pipeline_core: pipeline.prefilter enabled=True candidates=25 tolerance=0.600 multiplier=5 min_gap=60 dedup_radius=5
2026-02-11 01:37:53,256 INFO pipeline_core: pipeline.similarity initial=9 re_rank_top=30
2026-02-11 01:37:53,280 INFO pipeline_core: pipeline.matches matched=3 strictness=0.750 sim_method=hybrid
2026-02-11 01:37:54,618 INFO pipeline_core: pipeline.data_fetch symbol=000001.SH type=index rows=1482 duration_ms=2247
2026-02-11 01:37:54,632 INFO pipeline_core: pipeline.data_range symbol=000001.SH first=2020-01-02 last=2026-02-10
2026-02-11 01:37:54,633 INFO pipeline_core: pipeline.evaluation count=256 mae=0.009595535274354807 rmse=0.012607634423964533 dir_acc=0.57421875
2026-02-11 01:37:54,633 INFO pipeline_core: pipeline.done symbol=000001.SH duration_ms=2317 history=120 predictions=5 similar=3
2026-02-11 01:37:54,635 INFO similar_kline.api: predict.pipeline_done id=eeff0bd112ff duration_ms=2319 hist=120 preds=5 similar=3
2026-02-11 01:37:54,800 INFO similar_kline.api: predict.chart_done id=eeff0bd112ff duration_ms=164
2026-02-11 01:37:54,800 INFO similar_kline.api: predict.evaluation id=eeff0bd112ff count=256 mae=0.009595535274354807 rmse=0.012607634423964533 dir_acc=0.57421875
2026-02-11 01:37:54,800 INFO similar_kline.api: predict.success id=eeff0bd112ff total_ms=2485
2026-02-11 01:37:54,818 INFO similar_kline.api: request.end id=eeff0bd112ff status=200 duration_ms=2513
2026-02-11 01:37:55,186 INFO similar_kline.api: request.start id=8cc671b00310 method=GET path=/api/cache/stats client=127.0.0.1
2026-02-11 01:37:55,201 INFO similar_kline.api: request.end id=8cc671b00310 status=200 duration_ms=14
2026-02-11 01:46:22,830 INFO similar_kline.api: request.start id=1244d243a242 method=GET path=/api/features client=67.159.52.217
2026-02-11 01:46:22,837 INFO similar_kline.api: request.end id=1244d243a242 status=200 duration_ms=7
2026-02-11 01:46:23,233 INFO similar_kline.api: request.start id=7080d27ad45d method=GET path=/api/cache/stats client=127.0.0.1
2026-02-11 01:46:23,235 INFO similar_kline.api: request.end id=7080d27ad45d status=200 duration_ms=2
2026-02-11 01:46:25,350 INFO similar_kline.api: request.start id=fd888a74ac82 method=POST path=/api/cache/check client=127.0.0.1
2026-02-11 01:46:25,355 INFO similar_kline.api: request.end id=fd888a74ac82 status=200 duration_ms=5
2026-02-11 01:46:26,089 INFO similar_kline.api: request.start id=05afc1ca0154 method=POST path=/api/predict client=67.159.52.217
2026-02-11 01:46:26,091 INFO similar_kline.api: predict.start id=05afc1ca0154 symbol=000001.SH start=20200101 end=20260211 window=30 h_future=5 topk=5 engine=ml model_type=transformer features=0 use_cache=True include_chart=True
2026-02-11 01:46:26,092 INFO pipeline_core: pipeline.start symbol=000001.SH start=20200101 end=20260211 window=30 h_future=5 topk=5 engine=ml model_type=transformer features=0
2026-02-11 01:46:26,104 INFO function: market_data.request symbol=000001.SH type=index start=20200101 end=20260211
2026-02-11 01:46:26,125 INFO function: market_data.cache_hit symbol=000001.SH type=index rows=8582
2026-02-11 01:46:26,538 INFO pipeline_core: pipeline.preprocess rows_in=1482 rows_out=1482 features=29 duration_ms=383
2026-02-11 01:46:26,577 INFO model_cache: »ş´ćĂüÖĐ: 000001.SH_transformer_616fd25a34a20489
2026-02-11 01:46:26,632 INFO pipeline_core: pipeline.embedding mode=ml windows=1453 emb_dim=64 duration_ms=79 use_cache=True
2026-02-11 01:46:26,787 INFO pipeline_core: pipeline.prefilter enabled=True candidates=25 tolerance=0.600 multiplier=5 min_gap=60 dedup_radius=5
2026-02-11 01:46:26,790 INFO pipeline_core: pipeline.similarity initial=9 re_rank_top=30
2026-02-11 01:46:26,803 INFO pipeline_core: pipeline.matches matched=3 strictness=0.750 sim_method=hybrid
2026-02-11 01:46:28,127 INFO pipeline_core: pipeline.data_fetch symbol=000001.SH type=index rows=1482 duration_ms=2022
2026-02-11 01:46:28,135 INFO pipeline_core: pipeline.data_range symbol=000001.SH first=2020-01-02 last=2026-02-10
2026-02-11 01:46:28,136 INFO pipeline_core: pipeline.evaluation count=256 mae=0.009595535274354807 rmse=0.012607634423964533 dir_acc=0.57421875
2026-02-11 01:46:28,136 INFO pipeline_core: pipeline.done symbol=000001.SH duration_ms=2044 history=120 predictions=5 similar=3
2026-02-11 01:46:28,138 INFO similar_kline.api: predict.pipeline_done id=05afc1ca0154 duration_ms=2046 hist=120 preds=5 similar=3
2026-02-11 01:46:28,270 INFO similar_kline.api: predict.chart_done id=05afc1ca0154 duration_ms=131
2026-02-11 01:46:28,271 INFO similar_kline.api: predict.evaluation id=05afc1ca0154 count=256 mae=0.009595535274354807 rmse=0.012607634423964533 dir_acc=0.57421875
2026-02-11 01:46:28,272 INFO similar_kline.api: predict.success id=05afc1ca0154 total_ms=2179
2026-02-11 01:46:28,292 INFO similar_kline.api: request.end id=05afc1ca0154 status=200 duration_ms=2202
2026-02-11 01:46:28,525 INFO similar_kline.api: request.start id=a15cfe38af5b method=GET path=/api/cache/stats client=127.0.0.1
2026-02-11 01:46:28,535 INFO similar_kline.api: request.end id=a15cfe38af5b status=200 duration_ms=8
2026-02-11 01:47:15,777 INFO similar_kline.api: request.start id=f9a89db6929f method=GET path=/api/features client=67.159.52.217
2026-02-11 01:47:15,779 INFO similar_kline.api: request.end id=f9a89db6929f status=200 duration_ms=2
2026-02-11 01:47:15,878 INFO similar_kline.api: request.start id=0d0171804028 method=GET path=/api/cache/stats client=127.0.0.1
2026-02-11 01:47:15,886 INFO similar_kline.api: request.end id=0d0171804028 status=200 duration_ms=8
2026-02-11 01:47:18,158 INFO similar_kline.api: request.start id=f2d9273becbd method=POST path=/api/cache/check client=127.0.0.1
2026-02-11 01:47:18,161 INFO similar_kline.api: request.end id=f2d9273becbd status=200 duration_ms=2
2026-02-11 01:47:18,275 INFO similar_kline.api: request.start id=b4033f5ddde9 method=POST path=/api/predict client=67.159.52.217
2026-02-11 01:47:18,277 INFO similar_kline.api: predict.start id=b4033f5ddde9 symbol=000001.SH start=20200101 end=20260211 window=30 h_future=5 topk=5 engine=ml model_type=transformer features=0 use_cache=True include_chart=True
2026-02-11 01:47:18,277 INFO pipeline_core: pipeline.start symbol=000001.SH start=20200101 end=20260211 window=30 h_future=5 topk=5 engine=ml model_type=transformer features=0
2026-02-11 01:47:18,282 INFO function: market_data.request symbol=000001.SH type=index start=20200101 end=20260211
2026-02-11 01:47:18,306 INFO function: market_data.cache_hit symbol=000001.SH type=index rows=8582
2026-02-11 01:47:19,090 INFO pipeline_core: pipeline.preprocess rows_in=1482 rows_out=1482 features=29 duration_ms=766
2026-02-11 01:47:19,110 INFO model_cache: »ş´ćĂüÖĐ: 000001.SH_transformer_616fd25a34a20489
2026-02-11 01:47:19,160 INFO pipeline_core: pipeline.embedding mode=ml windows=1453 emb_dim=64 duration_ms=63 use_cache=True
2026-02-11 01:47:19,343 INFO pipeline_core: pipeline.prefilter enabled=True candidates=25 tolerance=0.600 multiplier=5 min_gap=60 dedup_radius=5
2026-02-11 01:47:19,346 INFO pipeline_core: pipeline.similarity initial=9 re_rank_top=30
2026-02-11 01:47:19,362 INFO pipeline_core: pipeline.matches matched=3 strictness=0.750 sim_method=hybrid
2026-02-11 01:47:20,778 INFO pipeline_core: pipeline.data_fetch symbol=000001.SH type=index rows=1482 duration_ms=2495
2026-02-11 01:47:20,792 INFO pipeline_core: pipeline.data_range symbol=000001.SH first=2020-01-02 last=2026-02-10
2026-02-11 01:47:20,792 INFO pipeline_core: pipeline.evaluation count=256 mae=0.009595535274354807 rmse=0.012607634423964533 dir_acc=0.57421875
2026-02-11 01:47:20,793 INFO pipeline_core: pipeline.done symbol=000001.SH duration_ms=2515 history=120 predictions=5 similar=3
2026-02-11 01:47:20,794 INFO similar_kline.api: predict.pipeline_done id=b4033f5ddde9 duration_ms=2516 hist=120 preds=5 similar=3
2026-02-11 01:47:20,953 INFO similar_kline.api: predict.chart_done id=b4033f5ddde9 duration_ms=158
2026-02-11 01:47:20,957 INFO similar_kline.api: predict.evaluation id=b4033f5ddde9 count=256 mae=0.009595535274354807 rmse=0.012607634423964533 dir_acc=0.57421875
2026-02-11 01:47:20,957 INFO similar_kline.api: predict.success id=b4033f5ddde9 total_ms=2679
2026-02-11 01:47:20,977 INFO similar_kline.api: request.end id=b4033f5ddde9 status=200 duration_ms=2701
2026-02-11 01:47:21,299 INFO similar_kline.api: request.start id=0a2b3edbdafc method=GET path=/api/cache/stats client=127.0.0.1
2026-02-11 01:47:21,310 INFO similar_kline.api: request.end id=0a2b3edbdafc status=200 duration_ms=11
2026-02-11 01:47:25,510 INFO similar_kline.api: request.start id=e9ada257b2c1 method=OPTIONS path=/api/cache/clear client=127.0.0.1
2026-02-11 01:47:25,510 INFO similar_kline.api: request.end id=e9ada257b2c1 status=200 duration_ms=1
2026-02-11 01:47:25,517 INFO similar_kline.api: request.start id=0379e49933f9 method=DELETE path=/api/cache/clear client=127.0.0.1
2026-02-11 01:47:25,524 INFO model_cache: ŇŃÉľłý»ş´ć: 000001.SH_transformer_616fd25a34a20489
2026-02-11 01:47:25,638 INFO model_cache: ŇŃÉľłý»ş´ć: 000001.SH_transformer_e6c7cca03a371535
2026-02-11 01:47:25,661 INFO model_cache: ŇŃÉľłý»ş´ć: 000001.SH_transformer_ffd48e9a3c0574a7
2026-02-11 01:47:25,662 INFO model_cache: ŇŃÇĺżŐ 3 ¸ö»ş´ćÎÄĽţ
2026-02-11 01:47:25,669 INFO similar_kline.api: request.end id=0379e49933f9 status=200 duration_ms=152
2026-02-11 01:47:25,680 INFO similar_kline.api: request.start id=195fd2f30284 method=GET path=/api/cache/stats client=127.0.0.1
2026-02-11 01:47:25,688 INFO similar_kline.api: request.end id=195fd2f30284 status=200 duration_ms=7
2026-02-11 01:47:25,705 INFO similar_kline.api: request.start id=0e8e7acd8f5a method=GET path=/api/cache/list client=127.0.0.1
2026-02-11 01:47:25,759 INFO similar_kline.api: request.end id=0e8e7acd8f5a status=200 duration_ms=53
2026-02-11 01:47:25,773 INFO similar_kline.api: request.start id=cd32d73a18f5 method=GET path=/api/cache/list client=127.0.0.1
2026-02-11 01:47:25,775 INFO similar_kline.api: request.end id=cd32d73a18f5 status=200 duration_ms=2
2026-02-11 01:47:27,673 INFO similar_kline.api: request.start id=7d6e8ed5ca70 method=POST path=/api/cache/check client=127.0.0.1
2026-02-11 01:47:27,676 INFO similar_kline.api: request.end id=7d6e8ed5ca70 status=200 duration_ms=2
2026-02-11 01:47:27,827 INFO similar_kline.api: request.start id=97e93d43b1f4 method=POST path=/api/predict client=67.159.52.217
2026-02-11 01:47:27,829 INFO similar_kline.api: predict.start id=97e93d43b1f4 symbol=000001.SH start=20200101 end=20260211 window=30 h_future=5 topk=5 engine=ml model_type=transformer features=0 use_cache=True include_chart=True
2026-02-11 01:47:27,829 INFO pipeline_core: pipeline.start symbol=000001.SH start=20200101 end=20260211 window=30 h_future=5 topk=5 engine=ml model_type=transformer features=0
2026-02-11 01:47:27,835 INFO function: market_data.request symbol=000001.SH type=index start=20200101 end=20260211
2026-02-11 01:47:29,605 INFO function: market_data.fetch_done symbol=000001.SH type=index rows=8582 duration_ms=1764
2026-02-11 01:47:30,013 INFO pipeline_core: pipeline.preprocess rows_in=1482 rows_out=1482 features=29 duration_ms=375
2026-02-11 01:47:30,025 INFO model_cache: »ş´ćÎ´ŐŇµ˝: 000001.SH_transformer_616fd25a34a20489
