INFO:     127.0.0.1:59255 - "GET /docs HTTP/1.1" 200 OK
[INFO] Using device: cpu
开始预处理数据...
开始预处理数据...
添加计数指标...
构建基础因子...
构建基础因子列表 base_features...
初始 base_features 数量: 36
对基础特征进行方差过滤...
方差过滤后剩余特征数：36（从36减少）
对基础特征进行相关性过滤...
相关性过滤后剩余特征数：27
生成混合因子, mixture_depth = 1
最终特征数量：27
[INFO] 可用相似窗口数（用于 close 路径带）：3/3
[INFO] 可用相似窗口数（用于 K 线）：3/3
INFO:     127.0.0.1:51201 - "POST /api/predict HTTP/1.1" 200 OK
开始预处理数据...
开始预处理数据...
添加计数指标...
构建基础因子...
构建基础因子列表 base_features...
初始 base_features 数量: 36
对基础特征进行方差过滤...
方差过滤后剩余特征数：36（从36减少）
对基础特征进行相关性过滤...
相关性过滤后剩余特征数：27
生成混合因子, mixture_depth = 1
最终特征数量：27
[INFO] 可用相似窗口数（用于 close 路径带）：3/3
[INFO] 可用相似窗口数（用于 K 线）：3/3
INFO:     127.0.0.1:55216 - "POST /api/generate_chart HTTP/1.1" 200 OK
INFO:     127.0.0.1:63254 - "GET /docs HTTP/1.1" 200 OK
开始预处理数据...
开始预处理数据...
添加计数指标...
构建基础因子...
构建基础因子列表 base_features...
初始 base_features 数量: 36
对基础特征进行方差过滤...
方差过滤后剩余特征数：36（从36减少）
对基础特征进行相关性过滤...
相关性过滤后剩余特征数：27
生成混合因子, mixture_depth = 1
最终特征数量：27
[INFO] 可用相似窗口数（用于 close 路径带）：1/1
[INFO] 可用相似窗口数（用于 K 线）：1/1
INFO:     127.0.0.1:50881 - "POST /api/predict HTTP/1.1" 200 OK
INFO:     127.0.0.1:59060 - "GET /api/features HTTP/1.1" 200 OK
INFO:     127.0.0.1:51387 - "GET /api/cache/stats HTTP/1.1" 200 OK
INFO:     127.0.0.1:51387 - "OPTIONS /api/cache/check HTTP/1.1" 200 OK
INFO:     127.0.0.1:51387 - "POST /api/cache/check HTTP/1.1" 200 OK
开始预处理数据...
开始预处理数据...
添加计数指标...
构建基础因子...
构建基础因子列表 base_features...
初始 base_features 数量: 36
对基础特征进行方差过滤...
方差过滤后剩余特征数：36（从36减少）
对基础特征进行相关性过滤...
相关性过滤后剩余特征数：29
生成混合因子, mixture_depth = 1
最终特征数量：29
[Cache] 使用缓存的模型，跳过训练
[INFO] 可用相似窗口数（用于 close 路径带）：3/3
[INFO] 可用相似窗口数（用于 K 线）：3/3
开始预处理数据...
开始预处理数据...
添加计数指标...
构建基础因子...
构建基础因子列表 base_features...
初始 base_features 数量: 36
对基础特征进行方差过滤...
方差过滤后剩余特征数：36（从36减少）
对基础特征进行相关性过滤...
相关性过滤后剩余特征数：29
生成混合因子, mixture_depth = 1
最终特征数量：29
[Cache] 使用缓存的模型，跳过训练
[INFO] 可用相似窗口数（用于 close 路径带）：3/3
[INFO] 可用相似窗口数（用于 K 线）：3/3
INFO:     127.0.0.1:54662 - "POST /api/predict HTTP/1.1" 200 OK
INFO:     127.0.0.1:54663 - "POST /api/generate_chart HTTP/1.1" 200 OK
INFO:     127.0.0.1:51387 - "GET /api/cache/stats HTTP/1.1" 200 OK
